<?xml version="1.0" encoding="UTF-8"?>
<testng-results ignored="0" total="1" passed="1" failed="0" skipped="0">
  <reporter-output>
  </reporter-output>
  <suite started-at="2022-05-10T17:55:36Z" name="Default suite" finished-at="2022-05-10T17:55:43Z" duration-ms="6877">
    <groups>
      <group name="cucumber">
        <method signature="AbstractTestNGCucumberTests.feature(cucumber.api.testng.CucumberFeatureWrapper)[pri:0, instance:Runner.TestRunner1@5965be2d]" name="feature" class="cucumber.api.testng.AbstractTestNGCucumberTests"/>
      </group> <!-- cucumber -->
    </groups>
    <test started-at="2022-05-10T17:55:36Z" name="Default test" finished-at="2022-05-10T17:55:43Z" duration-ms="6877">
      <class name="Runner.TestRunner1">
        <test-method is-config="true" signature="setUpClass()[pri:0, instance:Runner.TestRunner1@5965be2d]" started-at="2022-05-10T23:25:36Z" name="setUpClass" finished-at="2022-05-10T23:25:36Z" duration-ms="155" status="PASS">
          <reporter-output>
          </reporter-output>
        </test-method> <!-- setUpClass -->
        <test-method signature="feature(cucumber.api.testng.CucumberFeatureWrapper)[pri:0, instance:Runner.TestRunner1@5965be2d]" started-at="2022-05-10T23:25:36Z" name="feature" description="Runs Cucumber Feature" data-provider="features" finished-at="2022-05-10T23:25:43Z" duration-ms="6654" status="PASS">
          <params>
            <param index="0">
              <value>
                <![CDATA[feature to test amazon search functionality]]>
              </value>
            </param>
          </params>
          <reporter-output>
          </reporter-output>
        </test-method> <!-- feature -->
        <test-method is-config="true" signature="tearDownClass()[pri:0, instance:Runner.TestRunner1@5965be2d]" started-at="2022-05-10T23:25:43Z" name="tearDownClass" finished-at="2022-05-10T23:25:43Z" duration-ms="9" status="PASS">
          <reporter-output>
          </reporter-output>
        </test-method> <!-- tearDownClass -->
      </class> <!-- Runner.TestRunner1 -->
    </test> <!-- Default test -->
  </suite> <!-- Default suite -->
</testng-results>
